0 info it worked if it ends with ok
1 verbose cli [ '/usr/bin/node', '/usr/bin/npm', 'start' ]
2 info using npm@3.5.2
3 info using node@v8.10.0
4 verbose run-script [ 'prestart', 'start', 'poststart' ]
5 info lifecycle Project3_GTBC@1.0.0~prestart: Project3_GTBC@1.0.0
6 silly lifecycle Project3_GTBC@1.0.0~prestart: no script for prestart, continuing
7 info lifecycle Project3_GTBC@1.0.0~start: Project3_GTBC@1.0.0
8 verbose lifecycle Project3_GTBC@1.0.0~start: unsafe-perm in lifecycle true
9 verbose lifecycle Project3_GTBC@1.0.0~start: PATH: /usr/share/npm/bin/node-gyp-bin:/mnt/c/Users/zscott/bootcamp/Project3_GTBC/node_modules/.bin:/home/zscott92/.vscode-server/bin/b37e54c98e1a74ba89e03073e5a3761284e3ffb0/bin:/usr/local/sbin:/usr/local/bin:/usr/sbin:/usr/bin:/sbin:/bin:/usr/games:/usr/local/games:/mnt/c/ProgramData/DockerDesktop/version-bin:/mnt/c/Program Files/Docker/Docker/Resources/bin:/mnt/c/Program Files/Microsoft MPI/Bin/:/mnt/c/WINDOWS/system32:/mnt/c/WINDOWS:/mnt/c/WINDOWS/System32/Wbem:/mnt/c/WINDOWS/System32/WindowsPowerShell/v1.0/:/mnt/c/Program Files/dotnet/:/mnt/c/Program Files/Microsoft SQL Server/130/Tools/Binn/:/mnt/c/WINDOWS/System32/OpenSSH/:/mnt/c/Program Files/Git/cmd:/mnt/c/Program Files/MongoDB/Server/4.2/bin:/mnt/c/Program Files/nodejs/:/mnt/c/Users/zscott/AppData/Local/Programs/Microsoft VS Code/bin:/mnt/c/Users/zscott/AppData/Local/Microsoft/WindowsApps:/mnt/c/Users/zscott/AppData/Roaming/npm:/snap/bin
10 verbose lifecycle Project3_GTBC@1.0.0~start: CWD: /mnt/c/Users/zscott/bootcamp/Project3_GTBC
11 silly lifecycle Project3_GTBC@1.0.0~start: Args: [ '-c', 'node server.js' ]
12 silly lifecycle Project3_GTBC@1.0.0~start: Returned: code: 1  signal: null
13 info lifecycle Project3_GTBC@1.0.0~start: Failed to exec start script
14 verbose stack Error: Project3_GTBC@1.0.0 start: `node server.js`
14 verbose stack Exit status 1
14 verbose stack     at EventEmitter.<anonymous> (/usr/share/npm/lib/utils/lifecycle.js:232:16)
14 verbose stack     at emitTwo (events.js:126:13)
14 verbose stack     at EventEmitter.emit (events.js:214:7)
14 verbose stack     at ChildProcess.<anonymous> (/usr/share/npm/lib/utils/spawn.js:24:14)
14 verbose stack     at emitTwo (events.js:126:13)
14 verbose stack     at ChildProcess.emit (events.js:214:7)
14 verbose stack     at maybeClose (internal/child_process.js:925:16)
14 verbose stack     at Process.ChildProcess._handle.onexit (internal/child_process.js:209:5)
15 verbose pkgid Project3_GTBC@1.0.0
16 verbose cwd /mnt/c/Users/zscott/bootcamp/Project3_GTBC
17 error Linux 4.19.67-microsoft-standard
18 error argv "/usr/bin/node" "/usr/bin/npm" "start"
19 error node v8.10.0
20 error npm  v3.5.2
21 error code ELIFECYCLE
22 error Project3_GTBC@1.0.0 start: `node server.js`
22 error Exit status 1
23 error Failed at the Project3_GTBC@1.0.0 start script 'node server.js'.
23 error Make sure you have the latest version of node.js and npm installed.
23 error If you do, this is most likely a problem with the Project3_GTBC package,
23 error not with npm itself.
23 error Tell the author that this fails on your system:
23 error     node server.js
23 error You can get information on how to open an issue for this project with:
23 error     npm bugs Project3_GTBC
23 error Or if that isn't available, you can get their info via:
23 error     npm owner ls Project3_GTBC
23 error There is likely additional logging output above.
24 verbose exit [ 1, true ]
